<?xml version="1.0" encoding="UTF-8"?>
<testsuite name="com.learning.springboot.web.IndexControllerTest" tests="1" skipped="0" failures="0" errors="0" timestamp="2020-04-07T00:58:09" hostname="DESKTOP-RLST5FL" time="0.282">
  <properties/>
  <testcase name="메인페이지_로딩" classname="com.learning.springboot.web.IndexControllerTest" time="0.282"/>
  <system-out><![CDATA[2020-04-07 09:58:07.169  INFO 10844 --- [    Test worker] .b.t.c.SpringBootTestContextBootstrapper : Neither @ContextConfiguration nor @ContextHierarchy found for test class [com.learning.springboot.web.IndexControllerTest], using SpringBootContextLoader
2020-04-07 09:58:07.169  INFO 10844 --- [    Test worker] o.s.t.c.support.AbstractContextLoader    : Could not detect default resource locations for test class [com.learning.springboot.web.IndexControllerTest]: no resource found for suffixes {-context.xml, Context.groovy}.
2020-04-07 09:58:07.169  INFO 10844 --- [    Test worker] t.c.s.AnnotationConfigContextLoaderUtils : Could not detect default configuration classes for test class [com.learning.springboot.web.IndexControllerTest]: IndexControllerTest does not declare any static, non-private, non-final, nested classes annotated with @Configuration.
2020-04-07 09:58:07.169  INFO 10844 --- [    Test worker] .b.t.c.SpringBootTestContextBootstrapper : Found @SpringBootConfiguration com.learning.springboot.Application for test class com.learning.springboot.web.IndexControllerTest
2020-04-07 09:58:07.169  INFO 10844 --- [    Test worker] .b.t.c.SpringBootTestContextBootstrapper : Loaded default TestExecutionListener class names from location [META-INF/spring.factories]: [org.springframework.security.test.context.support.WithSecurityContextTestExecutionListener, org.springframework.security.test.context.support.ReactorContextTestExecutionListener, org.springframework.boot.test.autoconfigure.restdocs.RestDocsTestExecutionListener, org.springframework.boot.test.autoconfigure.web.client.MockRestServiceServerResetTestExecutionListener, org.springframework.boot.test.autoconfigure.web.servlet.MockMvcPrintOnlyOnFailureTestExecutionListener, org.springframework.boot.test.autoconfigure.web.servlet.WebDriverTestExecutionListener, org.springframework.boot.test.mock.mockito.MockitoTestExecutionListener, org.springframework.boot.test.mock.mockito.ResetMocksTestExecutionListener, org.springframework.test.context.web.ServletTestExecutionListener, org.springframework.test.context.support.DirtiesContextBeforeModesTestExecutionListener, org.springframework.test.context.support.DependencyInjectionTestExecutionListener, org.springframework.test.context.support.DirtiesContextTestExecutionListener, org.springframework.test.context.transaction.TransactionalTestExecutionListener, org.springframework.test.context.jdbc.SqlScriptsTestExecutionListener]
2020-04-07 09:58:07.169  INFO 10844 --- [    Test worker] .b.t.c.SpringBootTestContextBootstrapper : Using TestExecutionListeners: [org.springframework.test.context.web.ServletTestExecutionListener@122029a2, org.springframework.test.context.support.DirtiesContextBeforeModesTestExecutionListener@7a10e60f, org.springframework.boot.test.mock.mockito.MockitoTestExecutionListener@4f6719d7, org.springframework.boot.test.autoconfigure.SpringBootDependencyInjectionTestExecutionListener@37311738, org.springframework.test.context.support.DirtiesContextTestExecutionListener@244f5545, org.springframework.test.context.transaction.TransactionalTestExecutionListener@5992ff5d, org.springframework.test.context.jdbc.SqlScriptsTestExecutionListener@2eccfc19, org.springframework.security.test.context.support.WithSecurityContextTestExecutionListener@117bb62f, org.springframework.security.test.context.support.ReactorContextTestExecutionListener@4f403c38, org.springframework.boot.test.autoconfigure.restdocs.RestDocsTestExecutionListener@1e64a9a, org.springframework.boot.test.autoconfigure.web.client.MockRestServiceServerResetTestExecutionListener@4803428b, org.springframework.boot.test.autoconfigure.web.servlet.MockMvcPrintOnlyOnFailureTestExecutionListener@4854f6a, org.springframework.boot.test.autoconfigure.web.servlet.WebDriverTestExecutionListener@4a6a123e, org.springframework.boot.test.mock.mockito.ResetMocksTestExecutionListener@796b3373]

  .   ____          _            __ _ _
 /\\ / ___'_ __ _ _(_)_ __  __ _ \ \ \ \
( ( )\___ | '_ | '_| | '_ \/ _` | \ \ \ \
 \\/  ___)| |_)| | | | | || (_| |  ) ) ) )
  '  |____| .__|_| |_|_| |_\__, | / / / /
 =========|_|==============|___/=/_/_/_/
 :: Spring Boot ::        (v2.1.9.RELEASE)

2020-04-07 09:58:07.216  INFO 10844 --- [    Test worker] c.l.springboot.web.IndexControllerTest   : Starting IndexControllerTest on DESKTOP-RLST5FL with PID 10844 (started by VinnsMedia in C:\Users\VinnsMedia\Documents\project\learning-springboot)
2020-04-07 09:58:07.216  INFO 10844 --- [    Test worker] c.l.springboot.web.IndexControllerTest   : No active profile set, falling back to default profiles: default
2020-04-07 09:58:07.532  INFO 10844 --- [    Test worker] .s.d.r.c.RepositoryConfigurationDelegate : Bootstrapping Spring Data repositories in DEFAULT mode.
2020-04-07 09:58:07.564  INFO 10844 --- [    Test worker] .s.d.r.c.RepositoryConfigurationDelegate : Finished Spring Data repository scanning in 32ms. Found 2 repository interfaces.
2020-04-07 09:58:07.689  INFO 10844 --- [    Test worker] trationDelegate$BeanPostProcessorChecker : Bean 'org.springframework.transaction.annotation.ProxyTransactionManagementConfiguration' of type [org.springframework.transaction.annotation.ProxyTransactionManagementConfiguration$$EnhancerBySpringCGLIB$$f37f6f6b] is not eligible for getting processed by all BeanPostProcessors (for example: not eligible for auto-proxying)
2020-04-07 09:58:08.079  INFO 10844 --- [    Test worker] o.s.b.w.embedded.tomcat.TomcatWebServer  : Tomcat initialized with port(s): 0 (http)
2020-04-07 09:58:08.126  INFO 10844 --- [    Test worker] o.apache.catalina.core.StandardService   : Starting service [Tomcat]
2020-04-07 09:58:08.126  INFO 10844 --- [    Test worker] org.apache.catalina.core.StandardEngine  : Starting Servlet engine: [Apache Tomcat/9.0.26]
2020-04-07 09:58:08.345  INFO 10844 --- [    Test worker] o.a.c.c.C.[Tomcat].[localhost].[/]       : Initializing Spring embedded WebApplicationContext
2020-04-07 09:58:08.345  INFO 10844 --- [    Test worker] o.s.web.context.ContextLoader            : Root WebApplicationContext: initialization completed in 1113 ms
2020-04-07 09:58:08.623  INFO 10844 --- [    Test worker] com.zaxxer.hikari.HikariDataSource       : HikariPool-2 - Starting...
2020-04-07 09:58:08.624  INFO 10844 --- [    Test worker] com.zaxxer.hikari.HikariDataSource       : HikariPool-2 - Start completed.
2020-04-07 09:58:08.668  INFO 10844 --- [    Test worker] o.hibernate.jpa.internal.util.LogHelper  : HHH000204: Processing PersistenceUnitInfo [
	name: default
	...]
2020-04-07 09:58:08.682  INFO 10844 --- [    Test worker] org.hibernate.dialect.Dialect            : HHH000400: Using dialect: org.hibernate.dialect.MySQL5InnoDBDialect
Hibernate: drop table if exists posts
Hibernate: drop table if exists user
Hibernate: create table posts (id bigint not null auto_increment, created_date datetime, modified_date datetime, author varchar(255), content TEXT not null, title varchar(500) not null, primary key (id)) engine=InnoDB
Hibernate: create table user (id bigint not null auto_increment, created_date datetime, modified_date datetime, email varchar(255) not null, name varchar(255) not null, picture varchar(255), role varchar(255) not null, primary key (id)) engine=InnoDB
2020-04-07 09:58:08.749  INFO 10844 --- [    Test worker] o.h.t.schema.internal.SchemaCreatorImpl  : HHH000476: Executing import script 'org.hibernate.tool.schema.internal.exec.ScriptSourceInputNonExistentImpl@34dbc904'
2020-04-07 09:58:08.749  INFO 10844 --- [    Test worker] j.LocalContainerEntityManagerFactoryBean : Initialized JPA EntityManagerFactory for persistence unit 'default'
2020-04-07 09:58:09.134  INFO 10844 --- [    Test worker] o.h.h.i.QueryTranslatorFactoryInitiator  : HHH000397: Using ASTQueryTranslatorFactory
2020-04-07 09:58:09.309  INFO 10844 --- [    Test worker] o.s.s.web.DefaultSecurityFilterChain     : Creating filter chain: any request, [org.springframework.security.web.context.request.async.WebAsyncManagerIntegrationFilter@14c2f6f4, org.springframework.security.web.context.SecurityContextPersistenceFilter@7930b1ff, org.springframework.security.web.header.HeaderWriterFilter@206d6ff9, org.springframework.security.web.authentication.logout.LogoutFilter@18f45736, org.springframework.security.oauth2.client.web.OAuth2AuthorizationRequestRedirectFilter@11f41fde, org.springframework.security.oauth2.client.web.OAuth2LoginAuthenticationFilter@1f006d2, org.springframework.security.web.authentication.ui.DefaultLoginPageGeneratingFilter@64b7ad16, org.springframework.security.web.authentication.ui.DefaultLogoutPageGeneratingFilter@579ad620, org.springframework.security.web.savedrequest.RequestCacheAwareFilter@5f3b500d, org.springframework.security.web.servletapi.SecurityContextHolderAwareRequestFilter@1462eeb4, org.springframework.security.web.authentication.AnonymousAuthenticationFilter@662129e2, org.springframework.security.web.session.SessionManagementFilter@6d03b4ca, org.springframework.security.web.access.ExceptionTranslationFilter@df57b17, org.springframework.security.web.access.intercept.FilterSecurityInterceptor@43100165]
2020-04-07 09:58:09.541  INFO 10844 --- [    Test worker] o.s.s.concurrent.ThreadPoolTaskExecutor  : Initializing ExecutorService 'applicationTaskExecutor'
2020-04-07 09:58:09.557  WARN 10844 --- [    Test worker] aWebConfiguration$JpaWebMvcConfiguration : spring.jpa.open-in-view is enabled by default. Therefore, database queries may be performed during view rendering. Explicitly configure spring.jpa.open-in-view to disable this warning
2020-04-07 09:58:09.591  INFO 10844 --- [    Test worker] o.s.b.a.w.s.WelcomePageHandlerMapping    : Adding welcome page template: index
2020-04-07 09:58:09.944  INFO 10844 --- [    Test worker] s.a.ScheduledAnnotationBeanPostProcessor : No TaskScheduler/ScheduledExecutorService bean found for scheduled processing
2020-04-07 09:58:09.960  INFO 10844 --- [    Test worker] o.s.b.w.embedded.tomcat.TomcatWebServer  : Tomcat started on port(s): 52362 (http) with context path ''
2020-04-07 09:58:09.960  INFO 10844 --- [    Test worker] c.l.springboot.web.IndexControllerTest   : Started IndexControllerTest in 2.791 seconds (JVM running for 14.279)
2020-04-07 09:58:10.101  INFO 10844 --- [o-auto-1-exec-1] o.a.c.c.C.[Tomcat].[localhost].[/]       : Initializing Spring DispatcherServlet 'dispatcherServlet'
2020-04-07 09:58:10.116  INFO 10844 --- [o-auto-1-exec-1] o.s.web.servlet.DispatcherServlet        : Initializing Servlet 'dispatcherServlet'
2020-04-07 09:58:10.148  INFO 10844 --- [o-auto-1-exec-1] o.s.web.servlet.DispatcherServlet        : Completed initialization in 32 ms
Hibernate: select posts0_.id as id1_0_, posts0_.created_date as created_2_0_, posts0_.modified_date as modified3_0_, posts0_.author as author4_0_, posts0_.content as content5_0_, posts0_.title as title6_0_ from posts posts0_ order by posts0_.id DESC
]]></system-out>
  <system-err><![CDATA[]]></system-err>
</testsuite>
