<?xml version="1.0" encoding="UTF-8"?>
<testsuite name="com.learning.springboot.web.dto.helloResponseDtoTest" tests="1" skipped="0" failures="0" errors="0" timestamp="2020-04-06T09:16:23" hostname="DESKTOP-J7B4B58" time="0.003">
  <properties/>
  <testcase name="롬북_기능_테스트" classname="com.learning.springboot.web.dto.helloResponseDtoTest" time="0.003"/>
  <system-out><![CDATA[]]></system-out>
  <system-err><![CDATA[]]></system-err>
</testsuite>
