<?xml version="1.0" encoding="UTF-8"?>
<testsuite name="com.learning.springboot.web.ProfileControllerTest" tests="1" skipped="0" failures="0" errors="0" timestamp="2020-04-10T03:59:25" hostname="DESKTOP-RLST5FL" time="0.431">
  <properties/>
  <testcase name="profile은_인증없이_호출된다" classname="com.learning.springboot.web.ProfileControllerTest" time="0.431"/>
  <system-out><![CDATA[12:59:16.266 [Test worker] DEBUG org.springframework.test.context.junit4.SpringJUnit4ClassRunner - SpringJUnit4ClassRunner constructor called with [class com.learning.springboot.web.ProfileControllerTest]
12:59:16.277 [Test worker] DEBUG org.springframework.test.context.BootstrapUtils - Instantiating CacheAwareContextLoaderDelegate from class [org.springframework.test.context.cache.DefaultCacheAwareContextLoaderDelegate]
12:59:16.296 [Test worker] DEBUG org.springframework.test.context.BootstrapUtils - Instantiating BootstrapContext using constructor [public org.springframework.test.context.support.DefaultBootstrapContext(java.lang.Class,org.springframework.test.context.CacheAwareContextLoaderDelegate)]
12:59:16.320 [Test worker] DEBUG org.springframework.test.context.BootstrapUtils - Instantiating TestContextBootstrapper for test class [com.learning.springboot.web.ProfileControllerTest] from class [org.springframework.boot.test.context.SpringBootTestContextBootstrapper]
12:59:16.341 [Test worker] INFO org.springframework.boot.test.context.SpringBootTestContextBootstrapper - Neither @ContextConfiguration nor @ContextHierarchy found for test class [com.learning.springboot.web.ProfileControllerTest], using SpringBootContextLoader
12:59:16.347 [Test worker] DEBUG org.springframework.test.context.support.AbstractContextLoader - Did not detect default resource location for test class [com.learning.springboot.web.ProfileControllerTest]: class path resource [com/learning/springboot/web/ProfileControllerTest-context.xml] does not exist
12:59:16.347 [Test worker] DEBUG org.springframework.test.context.support.AbstractContextLoader - Did not detect default resource location for test class [com.learning.springboot.web.ProfileControllerTest]: class path resource [com/learning/springboot/web/ProfileControllerTestContext.groovy] does not exist
12:59:16.347 [Test worker] INFO org.springframework.test.context.support.AbstractContextLoader - Could not detect default resource locations for test class [com.learning.springboot.web.ProfileControllerTest]: no resource found for suffixes {-context.xml, Context.groovy}.
12:59:16.349 [Test worker] INFO org.springframework.test.context.support.AnnotationConfigContextLoaderUtils - Could not detect default configuration classes for test class [com.learning.springboot.web.ProfileControllerTest]: ProfileControllerTest does not declare any static, non-private, non-final, nested classes annotated with @Configuration.
12:59:16.396 [Test worker] DEBUG org.springframework.test.context.support.ActiveProfilesUtils - Could not find an 'annotation declaring class' for annotation type [org.springframework.test.context.ActiveProfiles] and class [com.learning.springboot.web.ProfileControllerTest]
12:59:16.531 [Test worker] DEBUG org.springframework.context.annotation.ClassPathScanningCandidateComponentProvider - Identified candidate component class: file [C:\Users\VinnsMedia\Documents\project\learning-springboot\build\classes\java\main\com\learning\springboot\Application.class]
12:59:16.533 [Test worker] INFO org.springframework.boot.test.context.SpringBootTestContextBootstrapper - Found @SpringBootConfiguration com.learning.springboot.Application for test class com.learning.springboot.web.ProfileControllerTest
12:59:16.657 [Test worker] DEBUG org.springframework.boot.test.context.SpringBootTestContextBootstrapper - @TestExecutionListeners is not present for class [com.learning.springboot.web.ProfileControllerTest]: using defaults.
12:59:16.658 [Test worker] INFO org.springframework.boot.test.context.SpringBootTestContextBootstrapper - Loaded default TestExecutionListener class names from location [META-INF/spring.factories]: [org.springframework.security.test.context.support.WithSecurityContextTestExecutionListener, org.springframework.security.test.context.support.ReactorContextTestExecutionListener, org.springframework.boot.test.autoconfigure.restdocs.RestDocsTestExecutionListener, org.springframework.boot.test.autoconfigure.web.client.MockRestServiceServerResetTestExecutionListener, org.springframework.boot.test.autoconfigure.web.servlet.MockMvcPrintOnlyOnFailureTestExecutionListener, org.springframework.boot.test.autoconfigure.web.servlet.WebDriverTestExecutionListener, org.springframework.boot.test.mock.mockito.MockitoTestExecutionListener, org.springframework.boot.test.mock.mockito.ResetMocksTestExecutionListener, org.springframework.test.context.web.ServletTestExecutionListener, org.springframework.test.context.support.DirtiesContextBeforeModesTestExecutionListener, org.springframework.test.context.support.DependencyInjectionTestExecutionListener, org.springframework.test.context.support.DirtiesContextTestExecutionListener, org.springframework.test.context.transaction.TransactionalTestExecutionListener, org.springframework.test.context.jdbc.SqlScriptsTestExecutionListener]
12:59:16.700 [Test worker] INFO org.springframework.boot.test.context.SpringBootTestContextBootstrapper - Using TestExecutionListeners: [org.springframework.test.context.web.ServletTestExecutionListener@2dc0b3ca, org.springframework.test.context.support.DirtiesContextBeforeModesTestExecutionListener@9dd6fde, org.springframework.boot.test.mock.mockito.MockitoTestExecutionListener@643c26cd, org.springframework.boot.test.autoconfigure.SpringBootDependencyInjectionTestExecutionListener@48661e88, org.springframework.test.context.support.DirtiesContextTestExecutionListener@6010baad, org.springframework.test.context.transaction.TransactionalTestExecutionListener@2d19aee, org.springframework.test.context.jdbc.SqlScriptsTestExecutionListener@7dece37, org.springframework.security.test.context.support.WithSecurityContextTestExecutionListener@7fb4121a, org.springframework.security.test.context.support.ReactorContextTestExecutionListener@1a140a93, org.springframework.boot.test.autoconfigure.restdocs.RestDocsTestExecutionListener@141ce5d5, org.springframework.boot.test.autoconfigure.web.client.MockRestServiceServerResetTestExecutionListener@65c23e17, org.springframework.boot.test.autoconfigure.web.servlet.MockMvcPrintOnlyOnFailureTestExecutionListener@3a39d477, org.springframework.boot.test.autoconfigure.web.servlet.WebDriverTestExecutionListener@c31131, org.springframework.boot.test.mock.mockito.ResetMocksTestExecutionListener@73026eb1]
12:59:16.704 [Test worker] DEBUG org.springframework.test.annotation.ProfileValueUtils - Retrieved @ProfileValueSourceConfiguration [null] for test class [com.learning.springboot.web.ProfileControllerTest]
12:59:16.705 [Test worker] DEBUG org.springframework.test.annotation.ProfileValueUtils - Retrieved ProfileValueSource type [class org.springframework.test.annotation.SystemProfileValueSource] for class [com.learning.springboot.web.ProfileControllerTest]
12:59:16.710 [Test worker] DEBUG org.springframework.test.annotation.ProfileValueUtils - Retrieved @ProfileValueSourceConfiguration [null] for test class [com.learning.springboot.web.ProfileControllerTest]
12:59:16.711 [Test worker] DEBUG org.springframework.test.annotation.ProfileValueUtils - Retrieved ProfileValueSource type [class org.springframework.test.annotation.SystemProfileValueSource] for class [com.learning.springboot.web.ProfileControllerTest]
12:59:16.712 [Test worker] DEBUG org.springframework.test.annotation.ProfileValueUtils - Retrieved @ProfileValueSourceConfiguration [null] for test class [com.learning.springboot.web.ProfileControllerTest]
12:59:16.713 [Test worker] DEBUG org.springframework.test.annotation.ProfileValueUtils - Retrieved ProfileValueSource type [class org.springframework.test.annotation.SystemProfileValueSource] for class [com.learning.springboot.web.ProfileControllerTest]
12:59:16.720 [Test worker] DEBUG org.springframework.test.context.support.AbstractDirtiesContextTestExecutionListener - Before test class: context [DefaultTestContext@52bcf21f testClass = ProfileControllerTest, testInstance = [null], testMethod = [null], testException = [null], mergedContextConfiguration = [WebMergedContextConfiguration@36d39280 testClass = ProfileControllerTest, locations = '{}', classes = '{class com.learning.springboot.Application}', contextInitializerClasses = '[]', activeProfiles = '{}', propertySourceLocations = '{}', propertySourceProperties = '{org.springframework.boot.test.context.SpringBootTestContextBootstrapper=true, server.port=0}', contextCustomizers = set[org.springframework.boot.test.autoconfigure.properties.PropertyMappingContextCustomizer@0, org.springframework.boot.test.autoconfigure.web.servlet.WebDriverContextCustomizerFactory$Customizer@7d74a948, org.springframework.boot.test.context.filter.ExcludeFilterContextCustomizer@3afeb24, org.springframework.boot.test.json.DuplicateJsonObjectContextCustomizerFactory$DuplicateJsonObjectContextCustomizer@295d826f, org.springframework.boot.test.mock.mockito.MockitoContextCustomizer@0, org.springframework.boot.test.web.client.TestRestTemplateContextCustomizer@4da7cf41], resourceBasePath = 'src/main/webapp', contextLoader = 'org.springframework.boot.test.context.SpringBootContextLoader', parent = [null]], attributes = map['org.springframework.test.context.web.ServletTestExecutionListener.activateListener' -> false]], class annotated with @DirtiesContext [false] with mode [null].
12:59:16.721 [Test worker] DEBUG org.springframework.test.annotation.ProfileValueUtils - Retrieved @ProfileValueSourceConfiguration [null] for test class [com.learning.springboot.web.ProfileControllerTest]
12:59:16.721 [Test worker] DEBUG org.springframework.test.annotation.ProfileValueUtils - Retrieved ProfileValueSource type [class org.springframework.test.annotation.SystemProfileValueSource] for class [com.learning.springboot.web.ProfileControllerTest]
12:59:16.729 [Test worker] DEBUG org.springframework.test.context.support.DependencyInjectionTestExecutionListener - Performing dependency injection for test context [[DefaultTestContext@52bcf21f testClass = ProfileControllerTest, testInstance = com.learning.springboot.web.ProfileControllerTest@53b58d6a, testMethod = [null], testException = [null], mergedContextConfiguration = [WebMergedContextConfiguration@36d39280 testClass = ProfileControllerTest, locations = '{}', classes = '{class com.learning.springboot.Application}', contextInitializerClasses = '[]', activeProfiles = '{}', propertySourceLocations = '{}', propertySourceProperties = '{org.springframework.boot.test.context.SpringBootTestContextBootstrapper=true, server.port=0}', contextCustomizers = set[org.springframework.boot.test.autoconfigure.properties.PropertyMappingContextCustomizer@0, org.springframework.boot.test.autoconfigure.web.servlet.WebDriverContextCustomizerFactory$Customizer@7d74a948, org.springframework.boot.test.context.filter.ExcludeFilterContextCustomizer@3afeb24, org.springframework.boot.test.json.DuplicateJsonObjectContextCustomizerFactory$DuplicateJsonObjectContextCustomizer@295d826f, org.springframework.boot.test.mock.mockito.MockitoContextCustomizer@0, org.springframework.boot.test.web.client.TestRestTemplateContextCustomizer@4da7cf41], resourceBasePath = 'src/main/webapp', contextLoader = 'org.springframework.boot.test.context.SpringBootContextLoader', parent = [null]], attributes = map['org.springframework.test.context.web.ServletTestExecutionListener.activateListener' -> false]]].
12:59:16.762 [Test worker] DEBUG org.springframework.test.context.support.TestPropertySourceUtils - Adding inlined properties to environment: {spring.jmx.enabled=false, org.springframework.boot.test.context.SpringBootTestContextBootstrapper=true, server.port=0}

  .   ____          _            __ _ _
 /\\ / ___'_ __ _ _(_)_ __  __ _ \ \ \ \
( ( )\___ | '_ | '_| | '_ \/ _` | \ \ \ \
 \\/  ___)| |_)| | | | | || (_| |  ) ) ) )
  '  |____| .__|_| |_|_| |_\__, | / / / /
 =========|_|==============|___/=/_/_/_/
 :: Spring Boot ::        (v2.1.9.RELEASE)

2020-04-10 12:59:17.105  INFO 8760 --- [    Test worker] c.l.s.web.ProfileControllerTest          : Starting ProfileControllerTest on DESKTOP-RLST5FL with PID 8760 (started by VinnsMedia in C:\Users\VinnsMedia\Documents\project\learning-springboot)
2020-04-10 12:59:17.108  INFO 8760 --- [    Test worker] c.l.s.web.ProfileControllerTest          : No active profile set, falling back to default profiles: default
2020-04-10 12:59:18.329  INFO 8760 --- [    Test worker] .s.d.r.c.RepositoryConfigurationDelegate : Bootstrapping Spring Data repositories in DEFAULT mode.
2020-04-10 12:59:18.464  INFO 8760 --- [    Test worker] .s.d.r.c.RepositoryConfigurationDelegate : Finished Spring Data repository scanning in 118ms. Found 2 repository interfaces.
2020-04-10 12:59:19.120  INFO 8760 --- [    Test worker] trationDelegate$BeanPostProcessorChecker : Bean 'org.springframework.transaction.annotation.ProxyTransactionManagementConfiguration' of type [org.springframework.transaction.annotation.ProxyTransactionManagementConfiguration$$EnhancerBySpringCGLIB$$d4a68077] is not eligible for getting processed by all BeanPostProcessors (for example: not eligible for auto-proxying)
2020-04-10 12:59:19.657  INFO 8760 --- [    Test worker] o.s.b.w.embedded.tomcat.TomcatWebServer  : Tomcat initialized with port(s): 0 (http)
2020-04-10 12:59:19.694  INFO 8760 --- [    Test worker] o.apache.catalina.core.StandardService   : Starting service [Tomcat]
2020-04-10 12:59:19.695  INFO 8760 --- [    Test worker] org.apache.catalina.core.StandardEngine  : Starting Servlet engine: [Apache Tomcat/9.0.26]
2020-04-10 12:59:19.879  INFO 8760 --- [    Test worker] o.a.c.c.C.[Tomcat].[localhost].[/]       : Initializing Spring embedded WebApplicationContext
2020-04-10 12:59:19.879  INFO 8760 --- [    Test worker] o.s.web.context.ContextLoader            : Root WebApplicationContext: initialization completed in 2732 ms
2020-04-10 12:59:20.248  INFO 8760 --- [    Test worker] com.zaxxer.hikari.HikariDataSource       : HikariPool-1 - Starting...
2020-04-10 12:59:20.473  INFO 8760 --- [    Test worker] com.zaxxer.hikari.HikariDataSource       : HikariPool-1 - Start completed.
2020-04-10 12:59:20.622  INFO 8760 --- [    Test worker] o.hibernate.jpa.internal.util.LogHelper  : HHH000204: Processing PersistenceUnitInfo [
	name: default
	...]
2020-04-10 12:59:20.760  INFO 8760 --- [    Test worker] org.hibernate.Version                    : HHH000412: Hibernate Core {5.3.12.Final}
2020-04-10 12:59:20.764  INFO 8760 --- [    Test worker] org.hibernate.cfg.Environment            : HHH000206: hibernate.properties not found
2020-04-10 12:59:21.072  INFO 8760 --- [    Test worker] o.hibernate.annotations.common.Version   : HCANN000001: Hibernate Commons Annotations {5.0.4.Final}
2020-04-10 12:59:21.386  INFO 8760 --- [    Test worker] org.hibernate.dialect.Dialect            : HHH000400: Using dialect: org.hibernate.dialect.MySQL5InnoDBDialect
Hibernate: drop table if exists posts
Hibernate: drop table if exists user
Hibernate: create table posts (id bigint not null auto_increment, created_date datetime, modified_date datetime, author varchar(255), content TEXT not null, title varchar(500) not null, primary key (id)) engine=InnoDB
Hibernate: create table user (id bigint not null auto_increment, created_date datetime, modified_date datetime, email varchar(255) not null, name varchar(255) not null, picture varchar(255), role varchar(255) not null, primary key (id)) engine=InnoDB
2020-04-10 12:59:22.326  INFO 8760 --- [    Test worker] o.h.t.schema.internal.SchemaCreatorImpl  : HHH000476: Executing import script 'org.hibernate.tool.schema.internal.exec.ScriptSourceInputNonExistentImpl@6793f9f'
2020-04-10 12:59:22.331  INFO 8760 --- [    Test worker] j.LocalContainerEntityManagerFactoryBean : Initialized JPA EntityManagerFactory for persistence unit 'default'
2020-04-10 12:59:23.419  INFO 8760 --- [    Test worker] o.h.h.i.QueryTranslatorFactoryInitiator  : HHH000397: Using ASTQueryTranslatorFactory
2020-04-10 12:59:24.048  INFO 8760 --- [    Test worker] o.s.s.web.DefaultSecurityFilterChain     : Creating filter chain: any request, [org.springframework.security.web.context.request.async.WebAsyncManagerIntegrationFilter@75dd8419, org.springframework.security.web.context.SecurityContextPersistenceFilter@27416e84, org.springframework.security.web.header.HeaderWriterFilter@576e8113, org.springframework.security.web.authentication.logout.LogoutFilter@36f070b2, org.springframework.security.oauth2.client.web.OAuth2AuthorizationRequestRedirectFilter@50f234c4, org.springframework.security.oauth2.client.web.OAuth2LoginAuthenticationFilter@70c17743, org.springframework.security.web.authentication.ui.DefaultLoginPageGeneratingFilter@194879e9, org.springframework.security.web.authentication.ui.DefaultLogoutPageGeneratingFilter@443a069c, org.springframework.security.web.savedrequest.RequestCacheAwareFilter@22db52cc, org.springframework.security.web.servletapi.SecurityContextHolderAwareRequestFilter@473933f, org.springframework.security.web.authentication.AnonymousAuthenticationFilter@dee044d, org.springframework.security.web.session.SessionManagementFilter@7953579c, org.springframework.security.web.access.ExceptionTranslationFilter@1d532296, org.springframework.security.web.access.intercept.FilterSecurityInterceptor@3e0b78fb]
2020-04-10 12:59:24.533  INFO 8760 --- [    Test worker] o.s.s.concurrent.ThreadPoolTaskExecutor  : Initializing ExecutorService 'applicationTaskExecutor'
2020-04-10 12:59:24.642  WARN 8760 --- [    Test worker] aWebConfiguration$JpaWebMvcConfiguration : spring.jpa.open-in-view is enabled by default. Therefore, database queries may be performed during view rendering. Explicitly configure spring.jpa.open-in-view to disable this warning
2020-04-10 12:59:24.725  INFO 8760 --- [    Test worker] o.s.b.a.w.s.WelcomePageHandlerMapping    : Adding welcome page template: index
2020-04-10 12:59:25.293  INFO 8760 --- [    Test worker] s.a.ScheduledAnnotationBeanPostProcessor : No TaskScheduler/ScheduledExecutorService bean found for scheduled processing
2020-04-10 12:59:25.330  INFO 8760 --- [    Test worker] o.s.b.w.embedded.tomcat.TomcatWebServer  : Tomcat started on port(s): 55996 (http) with context path ''
2020-04-10 12:59:25.333  INFO 8760 --- [    Test worker] c.l.s.web.ProfileControllerTest          : Started ProfileControllerTest in 8.568 seconds (JVM running for 9.939)
2020-04-10 12:59:25.549  INFO 8760 --- [o-auto-1-exec-1] o.a.c.c.C.[Tomcat].[localhost].[/]       : Initializing Spring DispatcherServlet 'dispatcherServlet'
2020-04-10 12:59:25.550  INFO 8760 --- [o-auto-1-exec-1] o.s.web.servlet.DispatcherServlet        : Initializing Servlet 'dispatcherServlet'
2020-04-10 12:59:25.584  INFO 8760 --- [o-auto-1-exec-1] o.s.web.servlet.DispatcherServlet        : Completed initialization in 34 ms
]]></system-out>
  <system-err><![CDATA[]]></system-err>
</testsuite>
