<?xml version="1.0" encoding="UTF-8"?>
<testsuite name="com.learning.springboot.web.PostsApiControllerTest" tests="2" skipped="0" failures="0" errors="0" timestamp="2020-04-07T00:58:10" hostname="DESKTOP-RLST5FL" time="0.178">
  <properties/>
  <testcase name="Posts_등록된다" classname="com.learning.springboot.web.PostsApiControllerTest" time="0.118"/>
  <testcase name="Posts_수정된다" classname="com.learning.springboot.web.PostsApiControllerTest" time="0.059"/>
  <system-out><![CDATA[2020-04-07 09:58:10.257  INFO 10844 --- [    Test worker] .b.t.c.SpringBootTestContextBootstrapper : Neither @ContextConfiguration nor @ContextHierarchy found for test class [com.learning.springboot.web.PostsApiControllerTest], using SpringBootContextLoader
2020-04-07 09:58:10.257  INFO 10844 --- [    Test worker] o.s.t.c.support.AbstractContextLoader    : Could not detect default resource locations for test class [com.learning.springboot.web.PostsApiControllerTest]: no resource found for suffixes {-context.xml, Context.groovy}.
2020-04-07 09:58:10.257  INFO 10844 --- [    Test worker] t.c.s.AnnotationConfigContextLoaderUtils : Could not detect default configuration classes for test class [com.learning.springboot.web.PostsApiControllerTest]: PostsApiControllerTest does not declare any static, non-private, non-final, nested classes annotated with @Configuration.
2020-04-07 09:58:10.272  INFO 10844 --- [    Test worker] .b.t.c.SpringBootTestContextBootstrapper : Found @SpringBootConfiguration com.learning.springboot.Application for test class com.learning.springboot.web.PostsApiControllerTest
2020-04-07 09:58:10.272  INFO 10844 --- [    Test worker] .b.t.c.SpringBootTestContextBootstrapper : Loaded default TestExecutionListener class names from location [META-INF/spring.factories]: [org.springframework.security.test.context.support.WithSecurityContextTestExecutionListener, org.springframework.security.test.context.support.ReactorContextTestExecutionListener, org.springframework.boot.test.autoconfigure.restdocs.RestDocsTestExecutionListener, org.springframework.boot.test.autoconfigure.web.client.MockRestServiceServerResetTestExecutionListener, org.springframework.boot.test.autoconfigure.web.servlet.MockMvcPrintOnlyOnFailureTestExecutionListener, org.springframework.boot.test.autoconfigure.web.servlet.WebDriverTestExecutionListener, org.springframework.boot.test.mock.mockito.MockitoTestExecutionListener, org.springframework.boot.test.mock.mockito.ResetMocksTestExecutionListener, org.springframework.test.context.web.ServletTestExecutionListener, org.springframework.test.context.support.DirtiesContextBeforeModesTestExecutionListener, org.springframework.test.context.support.DependencyInjectionTestExecutionListener, org.springframework.test.context.support.DirtiesContextTestExecutionListener, org.springframework.test.context.transaction.TransactionalTestExecutionListener, org.springframework.test.context.jdbc.SqlScriptsTestExecutionListener]
2020-04-07 09:58:10.272  INFO 10844 --- [    Test worker] .b.t.c.SpringBootTestContextBootstrapper : Using TestExecutionListeners: [org.springframework.test.context.web.ServletTestExecutionListener@44765b03, org.springframework.test.context.support.DirtiesContextBeforeModesTestExecutionListener@6087de8c, org.springframework.boot.test.mock.mockito.MockitoTestExecutionListener@30dd76fb, org.springframework.boot.test.autoconfigure.SpringBootDependencyInjectionTestExecutionListener@6d326b7, org.springframework.test.context.support.DirtiesContextTestExecutionListener@708bdb2d, org.springframework.test.context.transaction.TransactionalTestExecutionListener@2e26180e, org.springframework.test.context.jdbc.SqlScriptsTestExecutionListener@7597c99f, org.springframework.security.test.context.support.WithSecurityContextTestExecutionListener@6a6ebf04, org.springframework.security.test.context.support.ReactorContextTestExecutionListener@441253d7, org.springframework.boot.test.autoconfigure.restdocs.RestDocsTestExecutionListener@5a6ad533, org.springframework.boot.test.autoconfigure.web.client.MockRestServiceServerResetTestExecutionListener@117a24d0, org.springframework.boot.test.autoconfigure.web.servlet.MockMvcPrintOnlyOnFailureTestExecutionListener@ef32f64, org.springframework.boot.test.autoconfigure.web.servlet.WebDriverTestExecutionListener@58a94986, org.springframework.boot.test.mock.mockito.ResetMocksTestExecutionListener@54e6dced]
2020-04-07 09:58:10.288  INFO 10844 --- [    Test worker] o.a.c.c.C.[Tomcat].[localhost].[/]       : Initializing Spring TestDispatcherServlet ''
2020-04-07 09:58:10.288  INFO 10844 --- [    Test worker] o.s.t.web.servlet.TestDispatcherServlet  : Initializing Servlet ''
2020-04-07 09:58:10.288  INFO 10844 --- [    Test worker] o.s.t.web.servlet.TestDispatcherServlet  : Completed initialization in 0 ms
Hibernate: insert into posts (created_date, modified_date, author, content, title) values (?, ?, ?, ?, ?)
Hibernate: select posts0_.id as id1_0_, posts0_.created_date as created_2_0_, posts0_.modified_date as modified3_0_, posts0_.author as author4_0_, posts0_.content as content5_0_, posts0_.title as title6_0_ from posts posts0_
Hibernate: select posts0_.id as id1_0_, posts0_.created_date as created_2_0_, posts0_.modified_date as modified3_0_, posts0_.author as author4_0_, posts0_.content as content5_0_, posts0_.title as title6_0_ from posts posts0_
Hibernate: delete from posts where id=?
2020-04-07 09:58:10.407  INFO 10844 --- [    Test worker] o.a.c.c.C.[Tomcat].[localhost].[/]       : Initializing Spring TestDispatcherServlet ''
2020-04-07 09:58:10.407  INFO 10844 --- [    Test worker] o.s.t.web.servlet.TestDispatcherServlet  : Initializing Servlet ''
2020-04-07 09:58:10.413  INFO 10844 --- [    Test worker] o.s.t.web.servlet.TestDispatcherServlet  : Completed initialization in 6 ms
Hibernate: insert into posts (created_date, modified_date, author, content, title) values (?, ?, ?, ?, ?)
Hibernate: select posts0_.id as id1_0_0_, posts0_.created_date as created_2_0_0_, posts0_.modified_date as modified3_0_0_, posts0_.author as author4_0_0_, posts0_.content as content5_0_0_, posts0_.title as title6_0_0_ from posts posts0_ where posts0_.id=?
Hibernate: update posts set created_date=?, modified_date=?, author=?, content=?, title=? where id=?
Hibernate: select posts0_.id as id1_0_, posts0_.created_date as created_2_0_, posts0_.modified_date as modified3_0_, posts0_.author as author4_0_, posts0_.content as content5_0_, posts0_.title as title6_0_ from posts posts0_
Hibernate: select posts0_.id as id1_0_, posts0_.created_date as created_2_0_, posts0_.modified_date as modified3_0_, posts0_.author as author4_0_, posts0_.content as content5_0_, posts0_.title as title6_0_ from posts posts0_
Hibernate: delete from posts where id=?
]]></system-out>
  <system-err><![CDATA[]]></system-err>
</testsuite>
