<?xml version="1.0" encoding="UTF-8"?>
<testsuite name="com.learning.springboot.web.HelloControllerTest" tests="2" skipped="0" failures="0" errors="0" timestamp="2020-04-07T00:58:06" hostname="DESKTOP-RLST5FL" time="0.214">
  <properties/>
  <testcase name="hello가_리턴된다" classname="com.learning.springboot.web.HelloControllerTest" time="0.096"/>
  <testcase name="helloDto가_리턴된다" classname="com.learning.springboot.web.HelloControllerTest" time="0.117"/>
  <system-out><![CDATA[2020-04-07 09:58:05.572  INFO 10844 --- [    Test worker] .b.t.a.w.s.WebMvcTestContextBootstrapper : Neither @ContextConfiguration nor @ContextHierarchy found for test class [com.learning.springboot.web.HelloControllerTest], using SpringBootContextLoader
2020-04-07 09:58:05.572  INFO 10844 --- [    Test worker] o.s.t.c.support.AbstractContextLoader    : Could not detect default resource locations for test class [com.learning.springboot.web.HelloControllerTest]: no resource found for suffixes {-context.xml, Context.groovy}.
2020-04-07 09:58:05.572  INFO 10844 --- [    Test worker] t.c.s.AnnotationConfigContextLoaderUtils : Could not detect default configuration classes for test class [com.learning.springboot.web.HelloControllerTest]: HelloControllerTest does not declare any static, non-private, non-final, nested classes annotated with @Configuration.
2020-04-07 09:58:05.603  INFO 10844 --- [    Test worker] .b.t.c.SpringBootTestContextBootstrapper : Found @SpringBootConfiguration com.learning.springboot.Application for test class com.learning.springboot.web.HelloControllerTest
2020-04-07 09:58:05.603  INFO 10844 --- [    Test worker] .b.t.a.w.s.WebMvcTestContextBootstrapper : Loaded default TestExecutionListener class names from location [META-INF/spring.factories]: [org.springframework.security.test.context.support.WithSecurityContextTestExecutionListener, org.springframework.security.test.context.support.ReactorContextTestExecutionListener, org.springframework.boot.test.autoconfigure.restdocs.RestDocsTestExecutionListener, org.springframework.boot.test.autoconfigure.web.client.MockRestServiceServerResetTestExecutionListener, org.springframework.boot.test.autoconfigure.web.servlet.MockMvcPrintOnlyOnFailureTestExecutionListener, org.springframework.boot.test.autoconfigure.web.servlet.WebDriverTestExecutionListener, org.springframework.boot.test.mock.mockito.MockitoTestExecutionListener, org.springframework.boot.test.mock.mockito.ResetMocksTestExecutionListener, org.springframework.test.context.web.ServletTestExecutionListener, org.springframework.test.context.support.DirtiesContextBeforeModesTestExecutionListener, org.springframework.test.context.support.DependencyInjectionTestExecutionListener, org.springframework.test.context.support.DirtiesContextTestExecutionListener, org.springframework.test.context.transaction.TransactionalTestExecutionListener, org.springframework.test.context.jdbc.SqlScriptsTestExecutionListener]
2020-04-07 09:58:05.603  INFO 10844 --- [    Test worker] .b.t.a.w.s.WebMvcTestContextBootstrapper : Using TestExecutionListeners: [org.springframework.test.context.web.ServletTestExecutionListener@53dde37d, org.springframework.test.context.support.DirtiesContextBeforeModesTestExecutionListener@41a09730, org.springframework.boot.test.mock.mockito.MockitoTestExecutionListener@5129a5fe, org.springframework.boot.test.autoconfigure.SpringBootDependencyInjectionTestExecutionListener@5fda2a30, org.springframework.test.context.support.DirtiesContextTestExecutionListener@63a0ecbd, org.springframework.test.context.transaction.TransactionalTestExecutionListener@267cfeee, org.springframework.test.context.jdbc.SqlScriptsTestExecutionListener@3a66a98a, org.springframework.security.test.context.support.WithSecurityContextTestExecutionListener@34638f5c, org.springframework.security.test.context.support.ReactorContextTestExecutionListener@50425869, org.springframework.boot.test.autoconfigure.restdocs.RestDocsTestExecutionListener@11085701, org.springframework.boot.test.autoconfigure.web.client.MockRestServiceServerResetTestExecutionListener@1e2d9653, org.springframework.boot.test.autoconfigure.web.servlet.MockMvcPrintOnlyOnFailureTestExecutionListener@369cf3a5, org.springframework.boot.test.autoconfigure.web.servlet.WebDriverTestExecutionListener@745f640f, org.springframework.boot.test.mock.mockito.ResetMocksTestExecutionListener@273c85da]

  .   ____          _            __ _ _
 /\\ / ___'_ __ _ _(_)_ __  __ _ \ \ \ \
( ( )\___ | '_ | '_| | '_ \/ _` | \ \ \ \
 \\/  ___)| |_)| | | | | || (_| |  ) ) ) )
  '  |____| .__|_| |_|_| |_\__, | / / / /
 =========|_|==============|___/=/_/_/_/
 :: Spring Boot ::        (v2.1.9.RELEASE)

2020-04-07 09:58:05.666  INFO 10844 --- [    Test worker] c.l.springboot.web.HelloControllerTest   : Starting HelloControllerTest on DESKTOP-RLST5FL with PID 10844 (started by VinnsMedia in C:\Users\VinnsMedia\Documents\project\learning-springboot)
2020-04-07 09:58:05.666  INFO 10844 --- [    Test worker] c.l.springboot.web.HelloControllerTest   : No active profile set, falling back to default profiles: default
2020-04-07 09:58:06.259  INFO 10844 --- [    Test worker] o.s.s.concurrent.ThreadPoolTaskExecutor  : Initializing ExecutorService 'applicationTaskExecutor'
2020-04-07 09:58:06.306  INFO 10844 --- [    Test worker] o.s.b.a.w.s.WelcomePageHandlerMapping    : Adding welcome page template: index
2020-04-07 09:58:06.591  INFO 10844 --- [    Test worker] .s.s.UserDetailsServiceAutoConfiguration : 

Using generated security password: 2e4f6c9f-6284-42c2-b315-885bdb2d4bf2

2020-04-07 09:58:06.810  INFO 10844 --- [    Test worker] o.s.s.web.DefaultSecurityFilterChain     : Creating filter chain: any request, [org.springframework.security.web.context.request.async.WebAsyncManagerIntegrationFilter@62a15efc, org.springframework.security.web.context.SecurityContextPersistenceFilter@233f94d2, org.springframework.security.web.header.HeaderWriterFilter@68a7b5c2, org.springframework.security.web.csrf.CsrfFilter@b06487e, org.springframework.security.web.authentication.logout.LogoutFilter@fe1d322, org.springframework.security.web.authentication.UsernamePasswordAuthenticationFilter@75afd65a, org.springframework.security.web.authentication.ui.DefaultLoginPageGeneratingFilter@601675c2, org.springframework.security.web.authentication.ui.DefaultLogoutPageGeneratingFilter@7737087e, org.springframework.security.web.authentication.www.BasicAuthenticationFilter@431db342, org.springframework.security.web.savedrequest.RequestCacheAwareFilter@3eb265db, org.springframework.security.web.servletapi.SecurityContextHolderAwareRequestFilter@6b6ede6a, org.springframework.security.web.authentication.AnonymousAuthenticationFilter@599e2279, org.springframework.security.web.session.SessionManagementFilter@51db5510, org.springframework.security.web.access.ExceptionTranslationFilter@58f8ad1b, org.springframework.security.web.access.intercept.FilterSecurityInterceptor@79d2efde]
2020-04-07 09:58:06.873  INFO 10844 --- [    Test worker] o.s.b.t.m.w.SpringBootMockServletContext : Initializing Spring TestDispatcherServlet ''
2020-04-07 09:58:06.873  INFO 10844 --- [    Test worker] o.s.t.web.servlet.TestDispatcherServlet  : Initializing Servlet ''
2020-04-07 09:58:06.888  INFO 10844 --- [    Test worker] o.s.t.web.servlet.TestDispatcherServlet  : Completed initialization in 15 ms
2020-04-07 09:58:06.935  INFO 10844 --- [    Test worker] c.l.springboot.web.HelloControllerTest   : Started HelloControllerTest in 1.316 seconds (JVM running for 11.251)
]]></system-out>
  <system-err><![CDATA[]]></system-err>
</testsuite>
